<?xml version="1.0" encoding="UTF-8"?>
<testsuite xmlns:xsi="http://www.w3.org/2001/XMLSchema-instance" xsi:noNamespaceSchemaLocation="https://maven.apache.org/surefire/maven-surefire-plugin/xsd/surefire-test-report.xsd" name="runner.Testrunner" time="148.956" tests="15" errors="0" skipped="0" failures="0">
  <properties>
[...]
</properties>
  <testcase name="User creates an account only with mandatory fields" classname="Registration Functionality" time="12.99"/>
  <testcase name="User creates an account with all fields" classname="Registration Functionality" time="11.515"/>
  <testcase name="User creates an duplicate account with all fields" classname="Registration Functionality" time="11.265"/>
  <testcase name="User creates an account without filling any fields" classname="Registration Functionality" time="8.845"/>
  <testcase name="User search for valid products" classname="Search Functionality" time="8.021"/>
  <testcase name="User search for invalid products" classname="Search Functionality" time="9.166"/>
  <testcase name="User search without any products" classname="Search Functionality" time="7.635"/>
  <testcase name="Login with valid Credentials #1" classname="Login functionality" time="8.333"/>
  <testcase name="Login with valid Credentials #2" classname="Login functionality" time="9.496"/>
  <testcase name="Login with valid Credentials #3" classname="Login functionality" time="9.82"/>
  <testcase name="Login with valid Credentials #4" classname="Login functionality" time="10.023"/>
  <testcase name="Login with invalid credentials" classname="Login functionality" time="9.31"/>
  <testcase name="Login with valid email and invalid password credentials" classname="Login functionality" time="10.141"/>
  <testcase name="Login with invalid email and valid password credentials" classname="Login functionality" time="8.928"/>
  <testcase name="Login without providing any credentials" classname="Login functionality" time="8.41"/>
</testsuite>